time Sun Oct 01 2017 11:24:12 GMT+0530 (India Standard Time): GET / + 
time Sun Oct 01 2017 11:24:12 GMT+0530 (India Standard Time): GET /favicon.ico + 
time Sun Oct 01 2017 11:24:14 GMT+0530 (India Standard Time): GET / + 
time Sun Oct 01 2017 11:25:18 GMT+0530 (India Standard Time): GET / + 
time Sun Oct 01 2017 11:25:27 GMT+0530 (India Standard Time): GET /about + 
time Sun Oct 01 2017 11:25:54 GMT+0530 (India Standard Time): GET /about
time Sun Oct 01 2017 11:25:58 GMT+0530 (India Standard Time): GET /
time Sun Oct 01 2017 11:25:59 GMT+0530 (India Standard Time): GET /
time Sun Oct 01 2017 11:26:01 GMT+0530 (India Standard Time): GET /
time Sun Oct 01 2017 11:37:42 GMT+0530 (India Standard Time): GET /
time Sun Oct 01 2017 11:38:40 GMT+0530 (India Standard Time): GET /
time Sun Oct 01 2017 11:39:22 GMT+0530 (India Standard Time): GET /
time Sun Oct 01 2017 11:43:00 GMT+0530 (India Standard Time): GET /
time Sun Oct 01 2017 11:46:25 GMT+0530 (India Standard Time): GET /
time Sun Oct 01 2017 11:51:37 GMT+0530 (India Standard Time): GET /about
time Sun Oct 01 2017 11:54:48 GMT+0530 (India Standard Time): GET /
time Sun Oct 01 2017 11:55:21 GMT+0530 (India Standard Time): GET /
time Thu Oct 19 2017 02:24:35 GMT+0530 (India Standard Time): GET /
time Thu Oct 19 2017 02:24:37 GMT+0530 (India Standard Time): GET /favicon.ico
time Thu Oct 19 2017 02:25:36 GMT+0530 (India Standard Time): GET /
time Thu Oct 19 2017 02:25:37 GMT+0530 (India Standard Time): GET /favicon.ico
time Thu Oct 19 2017 02:25:39 GMT+0530 (India Standard Time): GET /about
time Thu Oct 19 2017 02:25:40 GMT+0530 (India Standard Time): GET /
